<?xml version="1.0" encoding="UTF-8"?>
<!-- Generated by org.testng.reporters.JUnitReportReporter -->
<testsuite hostname="DESKTOP-BKH2RPE" name="EcommerceMobiles" tests="1" failures="0" timestamp="27 Nov 2021 05:40:09 GMT" time="3.852" errors="0">
  <testcase name="test1" time="3.852" classname="EcommerceMobiles"/>
</testsuite> <!-- EcommerceMobiles -->
