<?xml version="1.0" encoding="UTF-8"?>
<!-- Generated by org.testng.reporters.JUnitReportReporter -->
<testsuite hostname="DESKTOP-BKH2RPE" name="ParameterAndDataProvideFrameWork" tests="1" failures="0" timestamp="25 Nov 2021 12:13:34 GMT" time="11.665" errors="0">
  <testcase name="test1" time="11.665" classname="ParameterAndDataProvideFrameWork"/>
</testsuite> <!-- ParameterAndDataProvideFrameWork -->
